<?xml version="1.0" encoding="UTF-8"?>
<testng-results ignored="0" total="7" passed="7" failed="0" skipped="0">
  <reporter-output>
  </reporter-output>
  <suite started-at="2024-05-15T23:10:58 IST" name="Default suite" finished-at="2024-05-15T23:11:02 IST" duration-ms="4378">
    <groups>
    </groups>
    <test started-at="2024-05-15T23:10:58 IST" name="Default test" finished-at="2024-05-15T23:11:02 IST" duration-ms="4378">
      <class name="tests.getAndPostExample">
        <test-method signature="testGet()[pri:0, instance:tests.getAndPostExample@5af3afd9]" started-at="2024-05-15T23:10:58 IST" name="testGet" finished-at="2024-05-15T23:11:00 IST" duration-ms="2060" status="PASS">
          <reporter-output>
          </reporter-output>
        </test-method> <!-- testGet -->
        <test-method signature="testPost()[pri:0, instance:tests.getAndPostExample@5af3afd9]" started-at="2024-05-15T23:11:00 IST" name="testPost" finished-at="2024-05-15T23:11:01 IST" duration-ms="499" status="PASS">
          <reporter-output>
          </reporter-output>
        </test-method> <!-- testPost -->
      </class> <!-- tests.getAndPostExample -->
      <class name="tests.TestExample">
        <test-method signature="firstMethod()[pri:0, instance:tests.TestExample@4f6ee6e4]" started-at="2024-05-15T23:11:01 IST" name="firstMethod" finished-at="2024-05-15T23:11:01 IST" duration-ms="177" status="PASS">
          <reporter-output>
          </reporter-output>
        </test-method> <!-- firstMethod -->
        <test-method signature="testTwo()[pri:0, instance:tests.TestExample@4f6ee6e4]" started-at="2024-05-15T23:11:01 IST" name="testTwo" finished-at="2024-05-15T23:11:01 IST" duration-ms="220" status="PASS">
          <reporter-output>
          </reporter-output>
        </test-method> <!-- testTwo -->
      </class> <!-- tests.TestExample -->
      <class name="tests.putPatchDeleteExample">
        <test-method signature="testDelete()[pri:0, instance:tests.putPatchDeleteExample@4466af20]" started-at="2024-05-15T23:11:01 IST" name="testDelete" finished-at="2024-05-15T23:11:01 IST" duration-ms="441" status="PASS">
          <reporter-output>
          </reporter-output>
        </test-method> <!-- testDelete -->
        <test-method signature="testPatch()[pri:0, instance:tests.putPatchDeleteExample@4466af20]" started-at="2024-05-15T23:11:01 IST" name="testPatch" finished-at="2024-05-15T23:11:02 IST" duration-ms="466" status="PASS">
          <reporter-output>
          </reporter-output>
        </test-method> <!-- testPatch -->
        <test-method signature="testPut()[pri:0, instance:tests.putPatchDeleteExample@4466af20]" started-at="2024-05-15T23:11:02 IST" name="testPut" finished-at="2024-05-15T23:11:02 IST" duration-ms="439" status="PASS">
          <reporter-output>
          </reporter-output>
        </test-method> <!-- testPut -->
      </class> <!-- tests.putPatchDeleteExample -->
    </test> <!-- Default test -->
  </suite> <!-- Default suite -->
</testng-results>
