<?xml version="1.0" encoding="UTF-8"?>
<!-- Generated by org.testng.reporters.JUnitXMLReporter -->
<testsuite ignored="0" hostname="LAPTOP-98N1A5KP" failures="0" tests="7" name="Default test" time="4.378" errors="0" timestamp="2024-05-15T23:11:02 IST">
  <testcase classname="tests.getAndPostExample" name="testGet" time="2.06"/>
  <testcase classname="tests.getAndPostExample" name="testPost" time="0.499"/>
  <testcase classname="tests.TestExample" name="firstMethod" time="0.177"/>
  <testcase classname="tests.TestExample" name="testTwo" time="0.22"/>
  <testcase classname="tests.putPatchDeleteExample" name="testDelete" time="0.441"/>
  <testcase classname="tests.putPatchDeleteExample" name="testPatch" time="0.466"/>
  <testcase classname="tests.putPatchDeleteExample" name="testPut" time="0.439"/>
</testsuite> <!-- Default test -->
